!SESSION 2016-09-11 12:52:13.887 -----------------------------------------------
eclipse.buildId=unknown
java.version=1.8.0_65
java.vendor=Oracle Corporation
BootLoader constants: OS=win32, ARCH=x86_64, WS=win32, NL=en_US
Framework arguments:  -product com.georgeb.rcpapp.product -clearPersistedState
Command-line arguments:  -product com.georgeb.rcpapp.product -data F:\Eclipse\workspace/../runtime-com.georgeb.rcpapp.product -dev file:F:/Eclipse/workspace/.metadata/.plugins/org.eclipse.pde.core/com.georgeb.rcpapp.product/dev.properties -os win32 -ws win32 -arch x86_64 -consoleLog -clearPersistedState

!ENTRY org.eclipse.equinox.app 0 0 2016-09-11 12:52:14.846
!MESSAGE Product com.georgeb.rcpapp.product could not be found.

!ENTRY com.georgeb.rcpapp 2 0 2016-09-11 12:52:14.870
!MESSAGE Could not resolve module: com.georgeb.rcpapp [67]
  Unresolved requirement: Require-Bundle: org.eclipse.egit.github.core


!ENTRY org.eclipse.osgi 4 0 2016-09-11 12:52:14.874
!MESSAGE Application error
!STACK 1
java.lang.RuntimeException: No application id has been found.
	at org.eclipse.equinox.internal.app.EclipseAppContainer.startDefaultApp(EclipseAppContainer.java:242)
	at org.eclipse.equinox.internal.app.MainApplicationLauncher.run(MainApplicationLauncher.java:29)
	at org.eclipse.core.runtime.internal.adaptor.EclipseAppLauncher.runApplication(EclipseAppLauncher.java:134)
	at org.eclipse.core.runtime.internal.adaptor.EclipseAppLauncher.start(EclipseAppLauncher.java:104)
	at org.eclipse.core.runtime.adaptor.EclipseStarter.run(EclipseStarter.java:388)
	at org.eclipse.core.runtime.adaptor.EclipseStarter.run(EclipseStarter.java:243)
	at sun.reflect.NativeMethodAccessorImpl.invoke0(Native Method)
	at sun.reflect.NativeMethodAccessorImpl.invoke(Unknown Source)
	at sun.reflect.DelegatingMethodAccessorImpl.invoke(Unknown Source)
	at java.lang.reflect.Method.invoke(Unknown Source)
	at org.eclipse.equinox.launcher.Main.invokeFramework(Main.java:673)
	at org.eclipse.equinox.launcher.Main.basicRun(Main.java:610)
	at org.eclipse.equinox.launcher.Main.run(Main.java:1519)
	at org.eclipse.equinox.launcher.Main.main(Main.java:1492)
