!SESSION 2016-09-11 13:05:56.158 -----------------------------------------------
eclipse.buildId=unknown
java.version=1.8.0_65
java.vendor=Oracle Corporation
BootLoader constants: OS=win32, ARCH=x86_64, WS=win32, NL=en_US
Framework arguments:  -product com.georgeb.rcpapp.product -clearPersistedState
Command-line arguments:  -product com.georgeb.rcpapp.product -data F:\Eclipse\workspace/../runtime-com.georgeb.rcpapp.product -dev file:F:/Eclipse/workspace/.metadata/.plugins/org.eclipse.pde.core/com.georgeb.rcpapp.product/dev.properties -os win32 -ws win32 -arch x86_64 -consoleLog -clearPersistedState

!ENTRY org.eclipse.jgit 4 0 2016-09-11 13:05:56.905
!MESSAGE FrameworkEvent ERROR
!STACK 0
org.osgi.framework.BundleException: Could not resolve module: org.eclipse.jgit [71]
  Unresolved requirement: Import-Package: com.googlecode.javaewah; version="[0.7.9,0.8.0)"

	at org.eclipse.osgi.container.Module.start(Module.java:444)
	at org.eclipse.osgi.container.ModuleContainer$ContainerStartLevel.incStartLevel(ModuleContainer.java:1620)
	at org.eclipse.osgi.container.ModuleContainer$ContainerStartLevel.incStartLevel(ModuleContainer.java:1599)
	at org.eclipse.osgi.container.ModuleContainer$ContainerStartLevel.doContainerStartLevel(ModuleContainer.java:1571)
	at org.eclipse.osgi.container.ModuleContainer$ContainerStartLevel.dispatchEvent(ModuleContainer.java:1514)
	at org.eclipse.osgi.container.ModuleContainer$ContainerStartLevel.dispatchEvent(ModuleContainer.java:1)
	at org.eclipse.osgi.framework.eventmgr.EventManager.dispatchEvent(EventManager.java:230)
	at org.eclipse.osgi.framework.eventmgr.EventManager$EventThread.run(EventManager.java:340)

!ENTRY org.eclipse.equinox.app 0 0 2016-09-11 13:05:57.159
!MESSAGE Product com.georgeb.rcpapp.product could not be found.

!ENTRY org.eclipse.egit.github.core 2 0 2016-09-11 13:05:57.184
!MESSAGE Could not resolve module: org.eclipse.egit.github.core [70]
  Unresolved requirement: Import-Package: com.google.gson; version="[1.6.0,3.0.0)"


!ENTRY com.georgeb.rcpapp 2 0 2016-09-11 13:05:57.184
!MESSAGE Could not resolve module: com.georgeb.rcpapp [69]
  Unresolved requirement: Require-Bundle: org.eclipse.jgit; bundle-version="4.4.1"
    -> Bundle-SymbolicName: org.eclipse.jgit; bundle-version="4.4.1.201607150455-r"
       org.eclipse.jgit [71]
         Unresolved requirement: Import-Package: com.googlecode.javaewah; version="[0.7.9,0.8.0)"
  Unresolved requirement: Require-Bundle: org.eclipse.egit.github.core; bundle-version="4.5.0"
    -> Bundle-SymbolicName: org.eclipse.egit.github.core; bundle-version="4.5.0.qualifier"
       org.eclipse.egit.github.core [70]
         Unresolved requirement: Import-Package: com.google.gson; version="[1.6.0,3.0.0)"


!ENTRY org.eclipse.jgit 2 0 2016-09-11 13:05:57.184
!MESSAGE Could not resolve module: org.eclipse.jgit [71]
  Unresolved requirement: Import-Package: com.googlecode.javaewah; version="[0.7.9,0.8.0)"


!ENTRY org.eclipse.osgi 4 0 2016-09-11 13:05:57.200
!MESSAGE Application error
!STACK 1
java.lang.RuntimeException: No application id has been found.
	at org.eclipse.equinox.internal.app.EclipseAppContainer.startDefaultApp(EclipseAppContainer.java:242)
	at org.eclipse.equinox.internal.app.MainApplicationLauncher.run(MainApplicationLauncher.java:29)
	at org.eclipse.core.runtime.internal.adaptor.EclipseAppLauncher.runApplication(EclipseAppLauncher.java:134)
	at org.eclipse.core.runtime.internal.adaptor.EclipseAppLauncher.start(EclipseAppLauncher.java:104)
	at org.eclipse.core.runtime.adaptor.EclipseStarter.run(EclipseStarter.java:388)
	at org.eclipse.core.runtime.adaptor.EclipseStarter.run(EclipseStarter.java:243)
	at sun.reflect.NativeMethodAccessorImpl.invoke0(Native Method)
	at sun.reflect.NativeMethodAccessorImpl.invoke(Unknown Source)
	at sun.reflect.DelegatingMethodAccessorImpl.invoke(Unknown Source)
	at java.lang.reflect.Method.invoke(Unknown Source)
	at org.eclipse.equinox.launcher.Main.invokeFramework(Main.java:673)
	at org.eclipse.equinox.launcher.Main.basicRun(Main.java:610)
	at org.eclipse.equinox.launcher.Main.run(Main.java:1519)
	at org.eclipse.equinox.launcher.Main.main(Main.java:1492)
